# JRE version: OpenJDK Runtime Environment (11.0.11+9) (build 11.0.11+9-b60-7590822)
# Java VM: OpenJDK 64-Bit Server VM (11.0.11+9-b60-7590822, mixed mode, tiered, compressed oops, g1 gc, windows-amd64)
Heap:
 garbage-first heap   total 239616K, used 151477K [0x0000000080000000, 0x0000000100000000)
  region size 1024K, 4 young (4096K), 2 survivors (2048K)
 Metaspace       used 119718K, capacity 123127K, committed 123212K, reserved 1155072K
  class space    used 15407K, capacity 16661K, committed 16716K, reserved 1048576K
GC Heap History (20 events):
Event: 13.830 GC heap before
{Heap before GC invocations=17 (full 0):
 garbage-first heap   total 236544K, used 181734K [0x0000000080000000, 0x0000000100000000)
  region size 1024K, 103 young (105472K), 12 survivors (12288K)
 Metaspace       used 97536K, capacity 99965K, committed 100300K, reserved 1136640K
  class space    used 12514K, capacity 13388K, committed 13516K, reserved 1048576K
}
Event: 13.843 GC heap after
{Heap after GC invocations=18 (full 0):
 garbage-first heap   total 236544K, used 93789K [0x0000000080000000, 0x0000000100000000)
  region size 1024K, 11 young (11264K), 11 survivors (11264K)
 Metaspace       used 97536K, capacity 99965K, committed 100300K, reserved 1136640K
  class space    used 12514K, capacity 13388K, committed 13516K, reserved 1048576K
}
Event: 14.428 GC heap before
{Heap before GC invocations=18 (full 0):
 garbage-first heap   total 236544K, used 180829K [0x0000000080000000, 0x0000000100000000)
  region size 1024K, 98 young (100352K), 11 survivors (11264K)
 Metaspace       used 98501K, capacity 100938K, committed 101036K, reserved 1136640K
  class space    used 12637K, capacity 13567K, committed 13644K, reserved 1048576K
}
Event: 14.440 GC heap after
{Heap after GC invocations=19 (full 0):
 garbage-first heap   total 236544K, used 99999K [0x0000000080000000, 0x0000000100000000)
  region size 1024K, 11 young (11264K), 11 survivors (11264K)
 Metaspace       used 98501K, capacity 100938K, committed 101036K, reserved 1136640K
  class space    used 12637K, capacity 13567K, committed 13644K, reserved 1048576K
}
Event: 14.810 GC heap before
{Heap before GC invocations=20 (full 0):
 garbage-first heap   total 236544K, used 137887K [0x0000000080000000, 0x0000000100000000)
  region size 1024K, 34 young (34816K), 11 survivors (11264K)
 Metaspace       used 99277K, capacity 101542K, committed 102092K, reserved 1138688K
  class space    used 12693K, capacity 13530K, committed 13772K, reserved 1048576K
}
Event: 14.820 GC heap after
{Heap after GC invocations=21 (full 0):
 garbage-first heap   total 236544K, used 117719K [0x0000000080000000, 0x0000000100000000)
  region size 1024K, 8 young (8192K), 8 survivors (8192K)
 Metaspace       used 99277K, capacity 101542K, committed 102092K, reserved 1138688K
  class space    used 12693K, capacity 13530K, committed 13772K, reserved 1048576K
}
Event: 15.214 GC heap before
{Heap before GC invocations=22 (full 0):
 garbage-first heap   total 236544K, used 180183K [0x0000000080000000, 0x0000000100000000)
  region size 1024K, 12 young (12288K), 8 survivors (8192K)
 Metaspace       used 99524K, capacity 101846K, committed 102348K, reserved 1138688K
  class space    used 12717K, capacity 13564K, committed 13772K, reserved 1048576K
}
Event: 15.222 GC heap after
{Heap after GC invocations=23 (full 0):
 garbage-first heap   total 236544K, used 101241K [0x0000000080000000, 0x0000000100000000)
  region size 1024K, 2 young (2048K), 2 survivors (2048K)
 Metaspace       used 99524K, capacity 101846K, committed 102348K, reserved 1138688K
  class space    used 12717K, capacity 13564K, committed 13772K, reserved 1048576K
}
Event: 65.722 GC heap before
{Heap before GC invocations=24 (full 0):
 garbage-first heap   total 236544K, used 222073K [0x0000000080000000, 0x0000000100000000)
  region size 1024K, 89 young (91136K), 2 survivors (2048K)
 Metaspace       used 104082K, capacity 106504K, committed 106700K, reserved 1142784K
  class space    used 13061K, capacity 13902K, committed 14028K, reserved 1048576K
}
Event: 65.731 GC heap after
{Heap after GC invocations=25 (full 0):
 garbage-first heap   total 236544K, used 107610K [0x0000000080000000, 0x0000000100000000)
  region size 1024K, 8 young (8192K), 8 survivors (8192K)
 Metaspace       used 104082K, capacity 106504K, committed 106700K, reserved 1142784K
  class space    used 13061K, capacity 13902K, committed 14028K, reserved 1048576K
}
Event: 68.674 GC heap before
{Heap before GC invocations=25 (full 0):
 garbage-first heap   total 236544K, used 190554K [0x0000000080000000, 0x0000000100000000)
  region size 1024K, 90 young (92160K), 8 survivors (8192K)
 Metaspace       used 117523K, capacity 120691K, committed 120780K, reserved 1153024K
  class space    used 15144K, capacity 16330K, committed 16332K, reserved 1048576K
}
Event: 68.685 GC heap after
{Heap after GC invocations=26 (full 0):
 garbage-first heap   total 236544K, used 111574K [0x0000000080000000, 0x0000000100000000)
  region size 1024K, 5 young (5120K), 5 survivors (5120K)
 Metaspace       used 117523K, capacity 120691K, committed 120780K, reserved 1153024K
  class space    used 15144K, capacity 16330K, committed 16332K, reserved 1048576K
}
Event: 68.935 GC heap before
{Heap before GC invocations=26 (full 0):
 garbage-first heap   total 236544K, used 130006K [0x0000000080000000, 0x0000000100000000)
  region size 1024K, 25 young (25600K), 5 survivors (5120K)
 Metaspace       used 118411K, capacity 121660K, committed 121804K, reserved 1155072K
  class space    used 15332K, capacity 16544K, committed 16588K, reserved 1048576K
}
Event: 68.943 GC heap after
{Heap after GC invocations=27 (full 0):
 garbage-first heap   total 236544K, used 111963K [0x0000000080000000, 0x0000000100000000)
  region size 1024K, 5 young (5120K), 5 survivors (5120K)
 Metaspace       used 118411K, capacity 121660K, committed 121804K, reserved 1155072K
  class space    used 15332K, capacity 16544K, committed 16588K, reserved 1048576K
}
Event: 652.781 GC heap before
{Heap before GC invocations=28 (full 0):
 garbage-first heap   total 236544K, used 226651K [0x0000000080000000, 0x0000000100000000)
  region size 1024K, 86 young (88064K), 5 survivors (5120K)
 Metaspace       used 119255K, capacity 122633K, committed 122956K, reserved 1155072K
  class space    used 15390K, capacity 16635K, committed 16716K, reserved 1048576K
}
Event: 652.793 GC heap after
{Heap after GC invocations=29 (full 0):
 garbage-first heap   total 239616K, used 118131K [0x0000000080000000, 0x0000000100000000)
  region size 1024K, 11 young (11264K), 11 survivors (11264K)
 Metaspace       used 119255K, capacity 122633K, committed 122956K, reserved 1155072K
  class space    used 15390K, capacity 16635K, committed 16716K, reserved 1048576K
}
Event: 652.807 GC heap before
{Heap before GC invocations=29 (full 0):
 garbage-first heap   total 239616K, used 119155K [0x0000000080000000, 0x0000000100000000)
  region size 1024K, 12 young (12288K), 11 survivors (11264K)
 Metaspace       used 119260K, capacity 122633K, committed 122956K, reserved 1155072K
  class space    used 15390K, capacity 16635K, committed 16716K, reserved 1048576K
}
Event: 652.819 GC heap after
{Heap after GC invocations=30 (full 0):
 garbage-first heap   total 239616K, used 118262K [0x0000000080000000, 0x0000000100000000)
  region size 1024K, 2 young (2048K), 2 survivors (2048K)
 Metaspace       used 119260K, capacity 122633K, committed 122956K, reserved 1155072K
  class space    used 15390K, capacity 16635K, committed 16716K, reserved 1048576K
}
Event: 654.713 GC heap before
{Heap before GC invocations=30 (full 0):
 garbage-first heap   total 239616K, used 161270K [0x0000000080000000, 0x0000000100000000)
  region size 1024K, 46 young (47104K), 2 survivors (2048K)
 Metaspace       used 119718K, capacity 123127K, committed 123212K, reserved 1155072K
  class space    used 15407K, capacity 16661K, committed 16716K, reserved 1048576K
}
Event: 654.720 GC heap after
{Heap after GC invocations=31 (full 0):
 garbage-first heap   total 239616K, used 118709K [0x0000000080000000, 0x0000000100000000)
  region size 1024K, 2 young (2048K), 2 survivors (2048K)
 Metaspace       used 119718K, capacity 123127K, committed 123212K, reserved 1155072K
  class space    used 15407K, capacity 16661K, committed 16716K, reserved 1048576K
}

