# JRE version: OpenJDK Runtime Environment (11.0.12+7) (build 11.0.12+7-b1504.28-7817840)
# Java VM: OpenJDK 64-Bit Server VM (11.0.12+7-b1504.28-7817840, mixed mode, tiered, compressed oops, g1 gc, windows-amd64)
Heap:
 garbage-first heap   total 236544K, used 183486K [0x0000000080000000, 0x0000000100000000)
  region size 1024K, 40 young (40960K), 1 survivors (1024K)
 Metaspace       used 136550K, capacity 140474K, committed 140876K, reserved 1171456K
  class space    used 16862K, capacity 18350K, committed 18508K, reserved 1048576K
GC Heap History (20 events):
Event: 733.107 GC heap before
{Heap before GC invocations=112 (full 0):
 garbage-first heap   total 236544K, used 180385K [0x0000000080000000, 0x0000000100000000)
  region size 1024K, 28 young (28672K), 2 survivors (2048K)
 Metaspace       used 135534K, capacity 139370K, committed 139596K, reserved 1171456K
  class space    used 16824K, capacity 18284K, committed 18508K, reserved 1048576K
}
Event: 733.112 GC heap after
{Heap after GC invocations=113 (full 0):
 garbage-first heap   total 236544K, used 158023K [0x0000000080000000, 0x0000000100000000)
  region size 1024K, 4 young (4096K), 4 survivors (4096K)
 Metaspace       used 135534K, capacity 139370K, committed 139596K, reserved 1171456K
  class space    used 16824K, capacity 18284K, committed 18508K, reserved 1048576K
}
Event: 735.831 GC heap before
{Heap before GC invocations=114 (full 0):
 garbage-first heap   total 236544K, used 163143K [0x0000000080000000, 0x0000000100000000)
  region size 1024K, 31 young (31744K), 4 survivors (4096K)
 Metaspace       used 135606K, capacity 139437K, committed 139852K, reserved 1171456K
  class space    used 16825K, capacity 18284K, committed 18508K, reserved 1048576K
}
Event: 735.836 GC heap after
{Heap after GC invocations=115 (full 0):
 garbage-first heap   total 236544K, used 137222K [0x0000000080000000, 0x0000000100000000)
  region size 1024K, 2 young (2048K), 2 survivors (2048K)
 Metaspace       used 135606K, capacity 139437K, committed 139852K, reserved 1171456K
  class space    used 16825K, capacity 18284K, committed 18508K, reserved 1048576K
}
Event: 735.920 GC heap before
{Heap before GC invocations=115 (full 0):
 garbage-first heap   total 236544K, used 147462K [0x0000000080000000, 0x0000000100000000)
  region size 1024K, 11 young (11264K), 2 survivors (2048K)
 Metaspace       used 135640K, capacity 139437K, committed 139852K, reserved 1171456K
  class space    used 16825K, capacity 18284K, committed 18508K, reserved 1048576K
}
Event: 735.929 GC heap after
{Heap after GC invocations=116 (full 0):
 garbage-first heap   total 236544K, used 129253K [0x0000000080000000, 0x0000000100000000)
  region size 1024K, 2 young (2048K), 2 survivors (2048K)
 Metaspace       used 135640K, capacity 139437K, committed 139852K, reserved 1171456K
  class space    used 16825K, capacity 18284K, committed 18508K, reserved 1048576K
}
Event: 736.489 GC heap before
{Heap before GC invocations=116 (full 0):
 garbage-first heap   total 236544K, used 166117K [0x0000000080000000, 0x0000000100000000)
  region size 1024K, 39 young (39936K), 2 survivors (2048K)
 Metaspace       used 135894K, capacity 139793K, committed 140108K, reserved 1171456K
  class space    used 16827K, capacity 18289K, committed 18508K, reserved 1048576K
}
Event: 736.496 GC heap after
{Heap after GC invocations=117 (full 0):
 garbage-first heap   total 236544K, used 133043K [0x0000000080000000, 0x0000000100000000)
  region size 1024K, 5 young (5120K), 5 survivors (5120K)
 Metaspace       used 135894K, capacity 139793K, committed 140108K, reserved 1171456K
  class space    used 16827K, capacity 18289K, committed 18508K, reserved 1048576K
}
Event: 839.349 GC heap before
{Heap before GC invocations=118 (full 0):
 garbage-first heap   total 236544K, used 197555K [0x0000000080000000, 0x0000000100000000)
  region size 1024K, 43 young (44032K), 5 survivors (5120K)
 Metaspace       used 135939K, capacity 139860K, committed 140108K, reserved 1171456K
  class space    used 16827K, capacity 18289K, committed 18508K, reserved 1048576K
}
Event: 839.356 GC heap after
{Heap after GC invocations=119 (full 0):
 garbage-first heap   total 236544K, used 134101K [0x0000000080000000, 0x0000000100000000)
  region size 1024K, 2 young (2048K), 2 survivors (2048K)
 Metaspace       used 135939K, capacity 139860K, committed 140108K, reserved 1171456K
  class space    used 16827K, capacity 18289K, committed 18508K, reserved 1048576K
}
Event: 839.442 GC heap before
{Heap before GC invocations=119 (full 0):
 garbage-first heap   total 236544K, used 143317K [0x0000000080000000, 0x0000000100000000)
  region size 1024K, 11 young (11264K), 2 survivors (2048K)
 Metaspace       used 135967K, capacity 139860K, committed 140108K, reserved 1171456K
  class space    used 16828K, capacity 18289K, committed 18508K, reserved 1048576K
}
Event: 839.451 GC heap after
{Heap after GC invocations=120 (full 0):
 garbage-first heap   total 236544K, used 132154K [0x0000000080000000, 0x0000000100000000)
  region size 1024K, 2 young (2048K), 2 survivors (2048K)
 Metaspace       used 135967K, capacity 139860K, committed 140108K, reserved 1171456K
  class space    used 16828K, capacity 18289K, committed 18508K, reserved 1048576K
}
Event: 839.847 GC heap before
{Heap before GC invocations=120 (full 0):
 garbage-first heap   total 236544K, used 172090K [0x0000000080000000, 0x0000000100000000)
  region size 1024K, 42 young (43008K), 2 survivors (2048K)
 Metaspace       used 136072K, capacity 140001K, committed 140364K, reserved 1171456K
  class space    used 16829K, capacity 18291K, committed 18508K, reserved 1048576K
}
Event: 839.871 GC heap after
{Heap after GC invocations=121 (full 0):
 garbage-first heap   total 236544K, used 137163K [0x0000000080000000, 0x0000000100000000)
  region size 1024K, 6 young (6144K), 6 survivors (6144K)
 Metaspace       used 136072K, capacity 140001K, committed 140364K, reserved 1171456K
  class space    used 16829K, capacity 18291K, committed 18508K, reserved 1048576K
}
Event: 841.236 GC heap before
{Heap before GC invocations=122 (full 0):
 garbage-first heap   total 236544K, used 179147K [0x0000000080000000, 0x0000000100000000)
  region size 1024K, 47 young (48128K), 6 survivors (6144K)
 Metaspace       used 136194K, capacity 140068K, committed 140364K, reserved 1171456K
  class space    used 16829K, capacity 18291K, committed 18508K, reserved 1048576K
}
Event: 841.243 GC heap after
{Heap after GC invocations=123 (full 0):
 garbage-first heap   total 236544K, used 138721K [0x0000000080000000, 0x0000000100000000)
  region size 1024K, 3 young (3072K), 3 survivors (3072K)
 Metaspace       used 136194K, capacity 140068K, committed 140364K, reserved 1171456K
  class space    used 16829K, capacity 18291K, committed 18508K, reserved 1048576K
}
Event: 841.298 GC heap before
{Heap before GC invocations=123 (full 0):
 garbage-first heap   total 236544K, used 146913K [0x0000000080000000, 0x0000000100000000)
  region size 1024K, 11 young (11264K), 3 survivors (3072K)
 Metaspace       used 136239K, capacity 140106K, committed 140364K, reserved 1171456K
  class space    used 16832K, capacity 18296K, committed 18508K, reserved 1048576K
}
Event: 841.307 GC heap after
{Heap after GC invocations=124 (full 0):
 garbage-first heap   total 236544K, used 118781K [0x0000000080000000, 0x0000000100000000)
  region size 1024K, 1 young (1024K), 1 survivors (1024K)
 Metaspace       used 136239K, capacity 140106K, committed 140364K, reserved 1171456K
  class space    used 16832K, capacity 18296K, committed 18508K, reserved 1048576K
}
Event: 841.500 GC heap before
{Heap before GC invocations=124 (full 0):
 garbage-first heap   total 236544K, used 139261K [0x0000000080000000, 0x0000000100000000)
  region size 1024K, 23 young (23552K), 1 survivors (1024K)
 Metaspace       used 136292K, capacity 140122K, committed 140364K, reserved 1171456K
  class space    used 16832K, capacity 18296K, committed 18508K, reserved 1048576K
}
Event: 841.503 GC heap after
{Heap after GC invocations=125 (full 0):
 garbage-first heap   total 236544K, used 118974K [0x0000000080000000, 0x0000000100000000)
  region size 1024K, 1 young (1024K), 1 survivors (1024K)
 Metaspace       used 136292K, capacity 140122K, committed 140364K, reserved 1171456K
  class space    used 16832K, capacity 18296K, committed 18508K, reserved 1048576K
}

