# JRE version: OpenJDK Runtime Environment (11.0.11+9) (build 11.0.11+9-b60-7590822)
# Java VM: OpenJDK 64-Bit Server VM (11.0.11+9-b60-7590822, mixed mode, tiered, compressed oops, g1 gc, windows-amd64)
Heap:
 garbage-first heap   total 444416K, used 317718K [0x0000000080000000, 0x0000000100000000)
  region size 1024K, 161 young (164864K), 11 survivors (11264K)
 Metaspace       used 123333K, capacity 126650K, committed 126976K, reserved 1159168K
  class space    used 15386K, capacity 16554K, committed 16640K, reserved 1048576K
GC Heap History (20 events):
Event: 22.808 GC heap before
{Heap before GC invocations=57 (full 0):
 garbage-first heap   total 444416K, used 389216K [0x0000000080000000, 0x0000000100000000)
  region size 1024K, 16 young (16384K), 3 survivors (3072K)
 Metaspace       used 106087K, capacity 108653K, committed 108928K, reserved 1144832K
  class space    used 13458K, capacity 14377K, committed 14464K, reserved 1048576K
}
Event: 22.812 GC heap after
{Heap after GC invocations=58 (full 0):
 garbage-first heap   total 444416K, used 284716K [0x0000000080000000, 0x0000000100000000)
  region size 1024K, 3 young (3072K), 3 survivors (3072K)
 Metaspace       used 106087K, capacity 108653K, committed 108928K, reserved 1144832K
  class space    used 13458K, capacity 14377K, committed 14464K, reserved 1048576K
}
Event: 23.061 GC heap before
{Heap before GC invocations=59 (full 0):
 garbage-first heap   total 444416K, used 331820K [0x0000000080000000, 0x0000000100000000)
  region size 1024K, 24 young (24576K), 3 survivors (3072K)
 Metaspace       used 106093K, capacity 108654K, committed 108928K, reserved 1144832K
  class space    used 13458K, capacity 14377K, committed 14464K, reserved 1048576K
}
Event: 23.064 GC heap after
{Heap after GC invocations=60 (full 0):
 garbage-first heap   total 444416K, used 233181K [0x0000000080000000, 0x0000000100000000)
  region size 1024K, 1 young (1024K), 1 survivors (1024K)
 Metaspace       used 106093K, capacity 108654K, committed 108928K, reserved 1144832K
  class space    used 13458K, capacity 14377K, committed 14464K, reserved 1048576K
}
Event: 23.237 GC heap before
{Heap before GC invocations=61 (full 0):
 garbage-first heap   total 444416K, used 267997K [0x0000000080000000, 0x0000000100000000)
  region size 1024K, 3 young (3072K), 1 survivors (1024K)
 Metaspace       used 106100K, capacity 108654K, committed 108928K, reserved 1144832K
  class space    used 13458K, capacity 14377K, committed 14464K, reserved 1048576K
}
Event: 23.239 GC heap after
{Heap after GC invocations=62 (full 0):
 garbage-first heap   total 444416K, used 249605K [0x0000000080000000, 0x0000000100000000)
  region size 1024K, 1 young (1024K), 1 survivors (1024K)
 Metaspace       used 106100K, capacity 108654K, committed 108928K, reserved 1144832K
  class space    used 13458K, capacity 14377K, committed 14464K, reserved 1048576K
}
Event: 23.490 GC heap before
{Heap before GC invocations=63 (full 0):
 garbage-first heap   total 444416K, used 290565K [0x0000000080000000, 0x0000000100000000)
  region size 1024K, 41 young (41984K), 1 survivors (1024K)
 Metaspace       used 106123K, capacity 108718K, committed 108928K, reserved 1144832K
  class space    used 13458K, capacity 14377K, committed 14464K, reserved 1048576K
}
Event: 23.492 GC heap after
{Heap after GC invocations=64 (full 0):
 garbage-first heap   total 444416K, used 249559K [0x0000000080000000, 0x0000000100000000)
  region size 1024K, 1 young (1024K), 1 survivors (1024K)
 Metaspace       used 106123K, capacity 108718K, committed 108928K, reserved 1144832K
  class space    used 13458K, capacity 14377K, committed 14464K, reserved 1048576K
}
Event: 23.853 GC heap before
{Heap before GC invocations=65 (full 0):
 garbage-first heap   total 444416K, used 318167K [0x0000000080000000, 0x0000000100000000)
  region size 1024K, 4 young (4096K), 1 survivors (1024K)
 Metaspace       used 106123K, capacity 108718K, committed 108928K, reserved 1144832K
  class space    used 13458K, capacity 14377K, committed 14464K, reserved 1048576K
}
Event: 23.856 GC heap after
{Heap after GC invocations=66 (full 0):
 garbage-first heap   total 444416K, used 282382K [0x0000000080000000, 0x0000000100000000)
  region size 1024K, 1 young (1024K), 1 survivors (1024K)
 Metaspace       used 106123K, capacity 108718K, committed 108928K, reserved 1144832K
  class space    used 13458K, capacity 14377K, committed 14464K, reserved 1048576K
}
Event: 24.619 GC heap before
{Heap before GC invocations=67 (full 0):
 garbage-first heap   total 444416K, used 390926K [0x0000000080000000, 0x0000000100000000)
  region size 1024K, 58 young (59392K), 1 survivors (1024K)
 Metaspace       used 106204K, capacity 108784K, committed 109184K, reserved 1144832K
  class space    used 13458K, capacity 14377K, committed 14464K, reserved 1048576K
}
Event: 24.622 GC heap after
{Heap after GC invocations=68 (full 0):
 garbage-first heap   total 444416K, used 268238K [0x0000000080000000, 0x0000000100000000)
  region size 1024K, 2 young (2048K), 2 survivors (2048K)
 Metaspace       used 106204K, capacity 108784K, committed 109184K, reserved 1144832K
  class space    used 13458K, capacity 14377K, committed 14464K, reserved 1048576K
}
Event: 24.703 GC heap before
{Heap before GC invocations=68 (full 0):
 garbage-first heap   total 444416K, used 279502K [0x0000000080000000, 0x0000000100000000)
  region size 1024K, 14 young (14336K), 2 survivors (2048K)
 Metaspace       used 106210K, capacity 108785K, committed 109184K, reserved 1144832K
  class space    used 13458K, capacity 14377K, committed 14464K, reserved 1048576K
}
Event: 24.705 GC heap after
{Heap after GC invocations=69 (full 0):
 garbage-first heap   total 444416K, used 268503K [0x0000000080000000, 0x0000000100000000)
  region size 1024K, 3 young (3072K), 3 survivors (3072K)
 Metaspace       used 106210K, capacity 108785K, committed 109184K, reserved 1144832K
  class space    used 13458K, capacity 14377K, committed 14464K, reserved 1048576K
}
Event: 25.694 GC heap before
{Heap before GC invocations=70 (full 0):
 garbage-first heap   total 444416K, used 342231K [0x0000000080000000, 0x0000000100000000)
  region size 1024K, 72 young (73728K), 3 survivors (3072K)
 Metaspace       used 106356K, capacity 108873K, committed 109184K, reserved 1144832K
  class space    used 13461K, capacity 14380K, committed 14464K, reserved 1048576K
}
Event: 25.699 GC heap after
{Heap after GC invocations=71 (full 0):
 garbage-first heap   total 444416K, used 158532K [0x0000000080000000, 0x0000000100000000)
  region size 1024K, 4 young (4096K), 4 survivors (4096K)
 Metaspace       used 106356K, capacity 108873K, committed 109184K, reserved 1144832K
  class space    used 13461K, capacity 14380K, committed 14464K, reserved 1048576K
}
Event: 29.066 GC heap before
{Heap before GC invocations=71 (full 0):
 garbage-first heap   total 444416K, used 293700K [0x0000000080000000, 0x0000000100000000)
  region size 1024K, 136 young (139264K), 4 survivors (4096K)
 Metaspace       used 107556K, capacity 110163K, committed 110336K, reserved 1144832K
  class space    used 13570K, capacity 14463K, committed 14592K, reserved 1048576K
}
Event: 29.070 GC heap after
{Heap after GC invocations=72 (full 0):
 garbage-first heap   total 444416K, used 160661K [0x0000000080000000, 0x0000000100000000)
  region size 1024K, 6 young (6144K), 6 survivors (6144K)
 Metaspace       used 107556K, capacity 110163K, committed 110336K, reserved 1144832K
  class space    used 13570K, capacity 14463K, committed 14592K, reserved 1048576K
}
Event: 32.777 GC heap before
{Heap before GC invocations=72 (full 0):
 garbage-first heap   total 444416K, used 306069K [0x0000000080000000, 0x0000000100000000)
  region size 1024K, 149 young (152576K), 6 survivors (6144K)
 Metaspace       used 115836K, capacity 118748K, committed 118912K, reserved 1153024K
  class space    used 14635K, capacity 15696K, committed 15744K, reserved 1048576K
}
Event: 32.787 GC heap after
{Heap after GC invocations=73 (full 0):
 garbage-first heap   total 444416K, used 166166K [0x0000000080000000, 0x0000000100000000)
  region size 1024K, 11 young (11264K), 11 survivors (11264K)
 Metaspace       used 115836K, capacity 118748K, committed 118912K, reserved 1153024K
  class space    used 14635K, capacity 15696K, committed 15744K, reserved 1048576K
}

