# JRE version: OpenJDK Runtime Environment (11.0.11+9) (build 11.0.11+9-b60-7590822)
# Java VM: OpenJDK 64-Bit Server VM (11.0.11+9-b60-7590822, mixed mode, tiered, compressed oops, g1 gc, windows-amd64)
Heap:
 garbage-first heap   total 236544K, used 146458K [0x0000000080000000, 0x0000000100000000)
  region size 1024K, 20 young (20480K), 4 survivors (4096K)
 Metaspace       used 105837K, capacity 108592K, committed 109184K, reserved 1144832K
  class space    used 13478K, capacity 14478K, committed 14720K, reserved 1048576K
GC Heap History (20 events):
Event: 7.140 GC heap before
{Heap before GC invocations=10 (full 0):
 garbage-first heap   total 196608K, used 151734K [0x0000000080000000, 0x0000000100000000)
  region size 1024K, 93 young (95232K), 7 survivors (7168K)
 Metaspace       used 52865K, capacity 54560K, committed 54784K, reserved 1097728K
  class space    used 6847K, capacity 7400K, committed 7424K, reserved 1048576K
}
Event: 7.152 GC heap after
{Heap after GC invocations=11 (full 0):
 garbage-first heap   total 236544K, used 76743K [0x0000000080000000, 0x0000000100000000)
  region size 1024K, 12 young (12288K), 12 survivors (12288K)
 Metaspace       used 52865K, capacity 54560K, committed 54784K, reserved 1097728K
  class space    used 6847K, capacity 7400K, committed 7424K, reserved 1048576K
}
Event: 7.780 GC heap before
{Heap before GC invocations=11 (full 0):
 garbage-first heap   total 236544K, used 118727K [0x0000000080000000, 0x0000000100000000)
  region size 1024K, 54 young (55296K), 12 survivors (12288K)
 Metaspace       used 58238K, capacity 59989K, committed 60160K, reserved 1101824K
  class space    used 7491K, capacity 8074K, committed 8192K, reserved 1048576K
}
Event: 7.793 GC heap after
{Heap after GC invocations=12 (full 0):
 garbage-first heap   total 236544K, used 80236K [0x0000000080000000, 0x0000000100000000)
  region size 1024K, 3 young (3072K), 3 survivors (3072K)
 Metaspace       used 58238K, capacity 59989K, committed 60160K, reserved 1101824K
  class space    used 7491K, capacity 8074K, committed 8192K, reserved 1048576K
}
Event: 8.852 GC heap before
{Heap before GC invocations=13 (full 0):
 garbage-first heap   total 236544K, used 154988K [0x0000000080000000, 0x0000000100000000)
  region size 1024K, 77 young (78848K), 3 survivors (3072K)
 Metaspace       used 68535K, capacity 70577K, committed 70656K, reserved 1110016K
  class space    used 8733K, capacity 9402K, committed 9472K, reserved 1048576K
}
Event: 8.861 GC heap after
{Heap after GC invocations=14 (full 0):
 garbage-first heap   total 236544K, used 84474K [0x0000000080000000, 0x0000000100000000)
  region size 1024K, 7 young (7168K), 7 survivors (7168K)
 Metaspace       used 68535K, capacity 70577K, committed 70656K, reserved 1110016K
  class space    used 8733K, capacity 9402K, committed 9472K, reserved 1048576K
}
Event: 9.735 GC heap before
{Heap before GC invocations=15 (full 0):
 garbage-first heap   total 236544K, used 162298K [0x0000000080000000, 0x0000000100000000)
  region size 1024K, 83 young (84992K), 7 survivors (7168K)
 Metaspace       used 73884K, capacity 76119K, committed 76160K, reserved 1116160K
  class space    used 9399K, capacity 10108K, committed 10112K, reserved 1048576K
}
Event: 9.746 GC heap after
{Heap after GC invocations=16 (full 0):
 garbage-first heap   total 236544K, used 90242K [0x0000000080000000, 0x0000000100000000)
  region size 1024K, 11 young (11264K), 11 survivors (11264K)
 Metaspace       used 73884K, capacity 76119K, committed 76160K, reserved 1116160K
  class space    used 9399K, capacity 10108K, committed 10112K, reserved 1048576K
}
Event: 10.734 GC heap before
{Heap before GC invocations=16 (full 0):
 garbage-first heap   total 236544K, used 169090K [0x0000000080000000, 0x0000000100000000)
  region size 1024K, 88 young (90112K), 11 survivors (11264K)
 Metaspace       used 81644K, capacity 83813K, committed 84096K, reserved 1122304K
  class space    used 10567K, capacity 11298K, committed 11392K, reserved 1048576K
}
Event: 10.746 GC heap after
{Heap after GC invocations=17 (full 0):
 garbage-first heap   total 236544K, used 95287K [0x0000000080000000, 0x0000000100000000)
  region size 1024K, 11 young (11264K), 11 survivors (11264K)
 Metaspace       used 81644K, capacity 83813K, committed 84096K, reserved 1122304K
  class space    used 10567K, capacity 11298K, committed 11392K, reserved 1048576K
}
Event: 11.645 GC heap before
{Heap before GC invocations=17 (full 0):
 garbage-first heap   total 236544K, used 183351K [0x0000000080000000, 0x0000000100000000)
  region size 1024K, 88 young (90112K), 11 survivors (11264K)
 Metaspace       used 88170K, capacity 90560K, committed 90752K, reserved 1128448K
  class space    used 11211K, capacity 12042K, committed 12160K, reserved 1048576K
}
Event: 11.658 GC heap after
{Heap after GC invocations=18 (full 0):
 garbage-first heap   total 236544K, used 112414K [0x0000000080000000, 0x0000000100000000)
  region size 1024K, 11 young (11264K), 11 survivors (11264K)
 Metaspace       used 88170K, capacity 90560K, committed 90752K, reserved 1128448K
  class space    used 11211K, capacity 12042K, committed 12160K, reserved 1048576K
}
Event: 12.591 GC heap before
{Heap before GC invocations=18 (full 0):
 garbage-first heap   total 236544K, used 184094K [0x0000000080000000, 0x0000000100000000)
  region size 1024K, 81 young (82944K), 11 survivors (11264K)
 Metaspace       used 96380K, capacity 98920K, committed 99200K, reserved 1134592K
  class space    used 12286K, capacity 13146K, committed 13184K, reserved 1048576K
}
Event: 12.601 GC heap after
{Heap after GC invocations=19 (full 0):
 garbage-first heap   total 236544K, used 117734K [0x0000000080000000, 0x0000000100000000)
  region size 1024K, 5 young (5120K), 5 survivors (5120K)
 Metaspace       used 96380K, capacity 98920K, committed 99200K, reserved 1134592K
  class space    used 12286K, capacity 13146K, committed 13184K, reserved 1048576K
}
Event: 13.334 GC heap before
{Heap before GC invocations=19 (full 0):
 garbage-first heap   total 236544K, used 187366K [0x0000000080000000, 0x0000000100000000)
  region size 1024K, 74 young (75776K), 5 survivors (5120K)
 Metaspace       used 98334K, capacity 101228K, committed 101376K, reserved 1136640K
  class space    used 12560K, capacity 13557K, committed 13568K, reserved 1048576K
}
Event: 13.345 GC heap after
{Heap after GC invocations=20 (full 0):
 garbage-first heap   total 236544K, used 123904K [0x0000000080000000, 0x0000000100000000)
  region size 1024K, 10 young (10240K), 10 survivors (10240K)
 Metaspace       used 98334K, capacity 101228K, committed 101376K, reserved 1136640K
  class space    used 12560K, capacity 13557K, committed 13568K, reserved 1048576K
}
Event: 14.025 GC heap before
{Heap before GC invocations=21 (full 0):
 garbage-first heap   total 236544K, used 190464K [0x0000000080000000, 0x0000000100000000)
  region size 1024K, 76 young (77824K), 10 survivors (10240K)
 Metaspace       used 100026K, capacity 102805K, committed 103168K, reserved 1138688K
  class space    used 12719K, capacity 13699K, committed 13824K, reserved 1048576K
}
Event: 14.036 GC heap after
{Heap after GC invocations=22 (full 0):
 garbage-first heap   total 236544K, used 127999K [0x0000000080000000, 0x0000000100000000)
  region size 1024K, 6 young (6144K), 6 survivors (6144K)
 Metaspace       used 100026K, capacity 102805K, committed 103168K, reserved 1138688K
  class space    used 12719K, capacity 13699K, committed 13824K, reserved 1048576K
}
Event: 14.757 GC heap before
{Heap before GC invocations=22 (full 0):
 garbage-first heap   total 236544K, used 192511K [0x0000000080000000, 0x0000000100000000)
  region size 1024K, 69 young (70656K), 6 survivors (6144K)
 Metaspace       used 104952K, capacity 107880K, committed 108032K, reserved 1142784K
  class space    used 13425K, capacity 14483K, committed 14592K, reserved 1048576K
}
Event: 14.765 GC heap after
{Heap after GC invocations=23 (full 0):
 garbage-first heap   total 236544K, used 131098K [0x0000000080000000, 0x0000000100000000)
  region size 1024K, 4 young (4096K), 4 survivors (4096K)
 Metaspace       used 104952K, capacity 107880K, committed 108032K, reserved 1142784K
  class space    used 13425K, capacity 14483K, committed 14592K, reserved 1048576K
}

