# JRE version: OpenJDK Runtime Environment (11.0.11+9) (build 11.0.11+9-b60-7590822)
# Java VM: OpenJDK 64-Bit Server VM (11.0.11+9-b60-7590822, mixed mode, tiered, compressed oops, g1 gc, windows-amd64)
Heap:
 garbage-first heap   total 522240K, used 160909K [0x0000000080000000, 0x0000000100000000)
  region size 1024K, 11 young (11264K), 8 survivors (8192K)
 Metaspace       used 144807K, capacity 150072K, committed 150220K, reserved 1179648K
  class space    used 17944K, capacity 19791K, committed 19916K, reserved 1048576K
GC Heap History (20 events):
Event: 2975.142 GC heap before
{Heap before GC invocations=73 (full 0):
 garbage-first heap   total 522240K, used 136633K [0x0000000080000000, 0x0000000100000000)
  region size 1024K, 6 young (6144K), 1 survivors (1024K)
 Metaspace       used 141507K, capacity 145712K, committed 145868K, reserved 1175552K
  class space    used 17566K, capacity 19099K, committed 19148K, reserved 1048576K
}
Event: 2975.149 GC heap after
{Heap after GC invocations=74 (full 0):
 garbage-first heap   total 522240K, used 132267K [0x0000000080000000, 0x0000000100000000)
  region size 1024K, 1 young (1024K), 1 survivors (1024K)
 Metaspace       used 141507K, capacity 145712K, committed 145868K, reserved 1175552K
  class space    used 17566K, capacity 19099K, committed 19148K, reserved 1048576K
}
Event: 3132.453 GC heap before
{Heap before GC invocations=75 (full 0):
 garbage-first heap   total 522240K, used 418987K [0x0000000080000000, 0x0000000100000000)
  region size 1024K, 218 young (223232K), 1 survivors (1024K)
 Metaspace       used 141968K, capacity 146220K, committed 146380K, reserved 1177600K
  class space    used 17570K, capacity 19105K, committed 19148K, reserved 1048576K
}
Event: 3132.464 GC heap after
{Heap after GC invocations=76 (full 0):
 garbage-first heap   total 522240K, used 140123K [0x0000000080000000, 0x0000000100000000)
  region size 1024K, 9 young (9216K), 9 survivors (9216K)
 Metaspace       used 141968K, capacity 146220K, committed 146380K, reserved 1177600K
  class space    used 17570K, capacity 19105K, committed 19148K, reserved 1048576K
}
Event: 3162.180 GC heap before
{Heap before GC invocations=76 (full 0):
 garbage-first heap   total 522240K, used 188251K [0x0000000080000000, 0x0000000100000000)
  region size 1024K, 25 young (25600K), 9 survivors (9216K)
 Metaspace       used 142001K, capacity 146286K, committed 146380K, reserved 1177600K
  class space    used 17570K, capacity 19105K, committed 19148K, reserved 1048576K
}
Event: 3162.187 GC heap after
{Heap after GC invocations=77 (full 0):
 garbage-first heap   total 522240K, used 127570K [0x0000000080000000, 0x0000000100000000)
  region size 1024K, 2 young (2048K), 2 survivors (2048K)
 Metaspace       used 142001K, capacity 146286K, committed 146380K, reserved 1177600K
  class space    used 17570K, capacity 19105K, committed 19148K, reserved 1048576K
}
Event: 3165.589 GC heap before
{Heap before GC invocations=77 (full 0):
 garbage-first heap   total 522240K, used 217682K [0x0000000080000000, 0x0000000100000000)
  region size 1024K, 92 young (94208K), 2 survivors (2048K)
 Metaspace       used 142092K, capacity 146290K, committed 146380K, reserved 1177600K
  class space    used 17570K, capacity 19105K, committed 19148K, reserved 1048576K
}
Event: 3165.605 GC heap after
{Heap after GC invocations=78 (full 0):
 garbage-first heap   total 522240K, used 134068K [0x0000000080000000, 0x0000000100000000)
  region size 1024K, 9 young (9216K), 9 survivors (9216K)
 Metaspace       used 142092K, capacity 146290K, committed 146380K, reserved 1177600K
  class space    used 17570K, capacity 19105K, committed 19148K, reserved 1048576K
}
Event: 3276.877 GC heap before
{Heap before GC invocations=79 (full 0):
 garbage-first heap   total 522240K, used 411572K [0x0000000080000000, 0x0000000100000000)
  region size 1024K, 218 young (223232K), 9 survivors (9216K)
 Metaspace       used 144153K, capacity 149325K, committed 149580K, reserved 1179648K
  class space    used 17920K, capacity 19752K, committed 19788K, reserved 1048576K
}
Event: 3276.886 GC heap after
{Heap after GC invocations=80 (full 0):
 garbage-first heap   total 522240K, used 133940K [0x0000000080000000, 0x0000000100000000)
  region size 1024K, 10 young (10240K), 10 survivors (10240K)
 Metaspace       used 144153K, capacity 149325K, committed 149580K, reserved 1179648K
  class space    used 17920K, capacity 19752K, committed 19788K, reserved 1048576K
}
Event: 3311.670 GC heap before
{Heap before GC invocations=80 (full 0):
 garbage-first heap   total 522240K, used 181044K [0x0000000080000000, 0x0000000100000000)
  region size 1024K, 25 young (25600K), 10 survivors (10240K)
 Metaspace       used 144179K, capacity 149346K, committed 149580K, reserved 1179648K
  class space    used 17922K, capacity 19757K, committed 19788K, reserved 1048576K
}
Event: 3311.676 GC heap after
{Heap after GC invocations=81 (full 0):
 garbage-first heap   total 522240K, used 119698K [0x0000000080000000, 0x0000000100000000)
  region size 1024K, 2 young (2048K), 2 survivors (2048K)
 Metaspace       used 144179K, capacity 149346K, committed 149580K, reserved 1179648K
  class space    used 17922K, capacity 19757K, committed 19788K, reserved 1048576K
}
Event: 3365.892 GC heap before
{Heap before GC invocations=81 (full 0):
 garbage-first heap   total 522240K, used 225170K [0x0000000080000000, 0x0000000100000000)
  region size 1024K, 107 young (109568K), 2 survivors (2048K)
 Metaspace       used 144375K, capacity 149591K, committed 149836K, reserved 1179648K
  class space    used 17927K, capacity 19765K, committed 19788K, reserved 1048576K
}
Event: 3365.909 GC heap after
{Heap after GC invocations=82 (full 0):
 garbage-first heap   total 522240K, used 126637K [0x0000000080000000, 0x0000000100000000)
  region size 1024K, 9 young (9216K), 9 survivors (9216K)
 Metaspace       used 144375K, capacity 149591K, committed 149836K, reserved 1179648K
  class space    used 17927K, capacity 19765K, committed 19788K, reserved 1048576K
}
Event: 4320.199 GC heap before
{Heap before GC invocations=83 (full 0):
 garbage-first heap   total 522240K, used 472749K [0x0000000080000000, 0x0000000100000000)
  region size 1024K, 252 young (258048K), 9 survivors (9216K)
 Metaspace       used 144734K, capacity 149943K, committed 150220K, reserved 1179648K
  class space    used 17943K, capacity 19791K, committed 19916K, reserved 1048576K
}
Event: 4320.205 GC heap after
{Heap after GC invocations=84 (full 0):
 garbage-first heap   total 522240K, used 121043K [0x0000000080000000, 0x0000000100000000)
  region size 1024K, 3 young (3072K), 3 survivors (3072K)
 Metaspace       used 144734K, capacity 149943K, committed 150220K, reserved 1179648K
  class space    used 17943K, capacity 19791K, committed 19916K, reserved 1048576K
}
Event: 4320.349 GC heap before
{Heap before GC invocations=84 (full 0):
 garbage-first heap   total 522240K, used 142547K [0x0000000080000000, 0x0000000100000000)
  region size 1024K, 25 young (25600K), 3 survivors (3072K)
 Metaspace       used 144753K, capacity 149943K, committed 150220K, reserved 1179648K
  class space    used 17943K, capacity 19791K, committed 19916K, reserved 1048576K
}
Event: 4320.357 GC heap after
{Heap after GC invocations=85 (full 0):
 garbage-first heap   total 522240K, used 122241K [0x0000000080000000, 0x0000000100000000)
  region size 1024K, 4 young (4096K), 4 survivors (4096K)
 Metaspace       used 144753K, capacity 149943K, committed 150220K, reserved 1179648K
  class space    used 17943K, capacity 19791K, committed 19916K, reserved 1048576K
}
Event: 4323.616 GC heap before
{Heap before GC invocations=85 (full 0):
 garbage-first heap   total 522240K, used 194945K [0x0000000080000000, 0x0000000100000000)
  region size 1024K, 77 young (78848K), 4 survivors (4096K)
 Metaspace       used 144807K, capacity 150072K, committed 150220K, reserved 1179648K
  class space    used 17944K, capacity 19791K, committed 19916K, reserved 1048576K
}
Event: 4323.641 GC heap after
{Heap after GC invocations=86 (full 0):
 garbage-first heap   total 522240K, used 126093K [0x0000000080000000, 0x0000000100000000)
  region size 1024K, 8 young (8192K), 8 survivors (8192K)
 Metaspace       used 144807K, capacity 150072K, committed 150220K, reserved 1179648K
  class space    used 17944K, capacity 19791K, committed 19916K, reserved 1048576K
}

