# JRE version: OpenJDK Runtime Environment (11.0.11+9) (build 11.0.11+9-b60-7590822)
# Java VM: OpenJDK 64-Bit Server VM (11.0.11+9-b60-7590822, mixed mode, tiered, compressed oops, g1 gc, windows-amd64)
Heap:
 garbage-first heap   total 196608K, used 107763K [0x0000000080000000, 0x0000000100000000)
  region size 1024K, 68 young (69632K), 11 survivors (11264K)
 Metaspace       used 45659K, capacity 47050K, committed 47232K, reserved 1089536K
  class space    used 5803K, capacity 6272K, committed 6272K, reserved 1048576K
GC Heap History (14 events):
Event: 0.715 GC heap before
{Heap before GC invocations=0 (full 0):
 garbage-first heap   total 196608K, used 28672K [0x0000000080000000, 0x0000000100000000)
  region size 1024K, 22 young (22528K), 0 survivors (0K)
 Metaspace       used 9970K, capacity 10166K, committed 10368K, reserved 1058816K
  class space    used 1028K, capacity 1075K, committed 1152K, reserved 1048576K
}
Event: 0.719 GC heap after
{Heap after GC invocations=1 (full 0):
 garbage-first heap   total 196608K, used 9252K [0x0000000080000000, 0x0000000100000000)
  region size 1024K, 3 young (3072K), 3 survivors (3072K)
 Metaspace       used 9970K, capacity 10166K, committed 10368K, reserved 1058816K
  class space    used 1028K, capacity 1075K, committed 1152K, reserved 1048576K
}
Event: 1.007 GC heap before
{Heap before GC invocations=1 (full 0):
 garbage-first heap   total 196608K, used 27684K [0x0000000080000000, 0x0000000100000000)
  region size 1024K, 21 young (21504K), 3 survivors (3072K)
 Metaspace       used 11133K, capacity 11380K, committed 11520K, reserved 1058816K
  class space    used 1166K, capacity 1245K, committed 1280K, reserved 1048576K
}
Event: 1.010 GC heap after
{Heap after GC invocations=2 (full 0):
 garbage-first heap   total 196608K, used 9955K [0x0000000080000000, 0x0000000100000000)
  region size 1024K, 1 young (1024K), 1 survivors (1024K)
 Metaspace       used 11133K, capacity 11380K, committed 11520K, reserved 1058816K
  class space    used 1166K, capacity 1245K, committed 1280K, reserved 1048576K
}
Event: 1.712 GC heap before
{Heap before GC invocations=2 (full 0):
 garbage-first heap   total 196608K, used 56035K [0x0000000080000000, 0x0000000100000000)
  region size 1024K, 46 young (47104K), 1 survivors (1024K)
 Metaspace       used 15910K, capacity 16253K, committed 16384K, reserved 1062912K
  class space    used 1812K, capacity 1933K, committed 2048K, reserved 1048576K
}
Event: 1.716 GC heap after
{Heap after GC invocations=3 (full 0):
 garbage-first heap   total 196608K, used 15584K [0x0000000080000000, 0x0000000100000000)
  region size 1024K, 6 young (6144K), 6 survivors (6144K)
 Metaspace       used 15910K, capacity 16253K, committed 16384K, reserved 1062912K
  class space    used 1812K, capacity 1933K, committed 2048K, reserved 1048576K
}
Event: 2.140 GC heap before
{Heap before GC invocations=3 (full 0):
 garbage-first heap   total 196608K, used 50400K [0x0000000080000000, 0x0000000100000000)
  region size 1024K, 41 young (41984K), 6 survivors (6144K)
 Metaspace       used 20568K, capacity 21095K, committed 21248K, reserved 1067008K
  class space    used 2505K, capacity 2701K, committed 2816K, reserved 1048576K
}
Event: 2.148 GC heap after
{Heap after GC invocations=4 (full 0):
 garbage-first heap   total 196608K, used 17004K [0x0000000080000000, 0x0000000100000000)
  region size 1024K, 2 young (2048K), 2 survivors (2048K)
 Metaspace       used 20568K, capacity 21095K, committed 21248K, reserved 1067008K
  class space    used 2505K, capacity 2701K, committed 2816K, reserved 1048576K
}
Event: 2.892 GC heap before
{Heap before GC invocations=5 (full 0):
 garbage-first heap   total 196608K, used 92780K [0x0000000080000000, 0x0000000100000000)
  region size 1024K, 68 young (69632K), 2 survivors (2048K)
 Metaspace       used 26873K, capacity 27642K, committed 27776K, reserved 1073152K
  class space    used 3541K, capacity 3841K, committed 3968K, reserved 1048576K
}
Event: 2.897 GC heap after
{Heap after GC invocations=6 (full 0):
 garbage-first heap   total 196608K, used 32045K [0x0000000080000000, 0x0000000100000000)
  region size 1024K, 8 young (8192K), 8 survivors (8192K)
 Metaspace       used 26873K, capacity 27642K, committed 27776K, reserved 1073152K
  class space    used 3541K, capacity 3841K, committed 3968K, reserved 1048576K
}
Event: 3.570 GC heap before
{Heap before GC invocations=6 (full 0):
 garbage-first heap   total 196608K, used 82221K [0x0000000080000000, 0x0000000100000000)
  region size 1024K, 58 young (59392K), 8 survivors (8192K)
 Metaspace       used 34842K, capacity 35760K, committed 35840K, reserved 1081344K
  class space    used 4566K, capacity 4929K, committed 4992K, reserved 1048576K
}
Event: 3.579 GC heap after
{Heap after GC invocations=7 (full 0):
 garbage-first heap   total 196608K, used 35447K [0x0000000080000000, 0x0000000100000000)
  region size 1024K, 10 young (10240K), 10 survivors (10240K)
 Metaspace       used 34842K, capacity 35760K, committed 35840K, reserved 1081344K
  class space    used 4566K, capacity 4929K, committed 4992K, reserved 1048576K
}
Event: 4.545 GC heap before
{Heap before GC invocations=8 (full 0):
 garbage-first heap   total 196608K, used 127607K [0x0000000080000000, 0x0000000100000000)
  region size 1024K, 95 young (97280K), 10 survivors (10240K)
 Metaspace       used 42052K, capacity 43349K, committed 43520K, reserved 1087488K
  class space    used 5411K, capacity 5848K, committed 5888K, reserved 1048576K
}
Event: 4.555 GC heap after
{Heap after GC invocations=9 (full 0):
 garbage-first heap   total 196608K, used 46323K [0x0000000080000000, 0x0000000100000000)
  region size 1024K, 11 young (11264K), 11 survivors (11264K)
 Metaspace       used 42052K, capacity 43349K, committed 43520K, reserved 1087488K
  class space    used 5411K, capacity 5848K, committed 5888K, reserved 1048576K
}

