# JRE version: OpenJDK Runtime Environment (11.0.11+9) (build 11.0.11+9-b60-7590822)
# Java VM: OpenJDK 64-Bit Server VM (11.0.11+9-b60-7590822, mixed mode, tiered, compressed oops, g1 gc, windows-amd64)
Heap:
 garbage-first heap   total 307200K, used 178938K [0x0000000080000000, 0x0000000100000000)
  region size 1024K, 54 young (55296K), 10 survivors (10240K)
 Metaspace       used 138025K, capacity 142994K, committed 144332K, reserved 1173504K
  class space    used 17315K, capacity 19086K, committed 19404K, reserved 1048576K
GC Heap History (20 events):
Event: 1843.870 GC heap before
{Heap before GC invocations=64 (full 0):
 garbage-first heap   total 311296K, used 303914K [0x0000000080000000, 0x0000000100000000)
  region size 1024K, 123 young (125952K), 15 survivors (15360K)
 Metaspace       used 128448K, capacity 133693K, committed 133836K, reserved 1165312K
  class space    used 16126K, capacity 17998K, committed 18124K, reserved 1048576K
}
Event: 1843.880 GC heap after
{Heap after GC invocations=65 (full 0):
 garbage-first heap   total 315392K, used 123292K [0x0000000080000000, 0x0000000100000000)
  region size 1024K, 3 young (3072K), 3 survivors (3072K)
 Metaspace       used 128448K, capacity 133693K, committed 133836K, reserved 1165312K
  class space    used 16126K, capacity 17998K, committed 18124K, reserved 1048576K
}
Event: 1979.971 GC heap before
{Heap before GC invocations=65 (full 0):
 garbage-first heap   total 315392K, used 134556K [0x0000000080000000, 0x0000000100000000)
  region size 1024K, 15 young (15360K), 3 survivors (3072K)
 Metaspace       used 128458K, capacity 133693K, committed 133836K, reserved 1165312K
  class space    used 16126K, capacity 17998K, committed 18124K, reserved 1048576K
}
Event: 1979.980 GC heap after
{Heap after GC invocations=66 (full 0):
 garbage-first heap   total 315392K, used 118570K [0x0000000080000000, 0x0000000100000000)
  region size 1024K, 2 young (2048K), 2 survivors (2048K)
 Metaspace       used 128458K, capacity 133693K, committed 133836K, reserved 1165312K
  class space    used 16126K, capacity 17998K, committed 18124K, reserved 1048576K
}
Event: 1983.221 GC heap before
{Heap before GC invocations=66 (full 0):
 garbage-first heap   total 315392K, used 233258K [0x0000000080000000, 0x0000000100000000)
  region size 1024K, 116 young (118784K), 2 survivors (2048K)
 Metaspace       used 129276K, capacity 134521K, committed 134732K, reserved 1165312K
  class space    used 16240K, capacity 18125K, committed 18252K, reserved 1048576K
}
Event: 1983.238 GC heap after
{Heap after GC invocations=67 (full 0):
 garbage-first heap   total 315392K, used 130539K [0x0000000080000000, 0x0000000100000000)
  region size 1024K, 14 young (14336K), 14 survivors (14336K)
 Metaspace       used 129276K, capacity 134521K, committed 134732K, reserved 1165312K
  class space    used 16240K, capacity 18125K, committed 18252K, reserved 1048576K
}
Event: 5583.240 GC heap before
{Heap before GC invocations=68 (full 0):
 garbage-first heap   total 315392K, used 242155K [0x0000000080000000, 0x0000000100000000)
  region size 1024K, 93 young (95232K), 14 survivors (14336K)
 Metaspace       used 129060K, capacity 134250K, committed 134988K, reserved 1165312K
  class space    used 16170K, capacity 17989K, committed 18252K, reserved 1048576K
}
Event: 5583.368 GC heap after
{Heap after GC invocations=69 (full 1):
 garbage-first heap   total 307200K, used 87543K [0x0000000080000000, 0x0000000100000000)
  region size 1024K, 0 young (0K), 0 survivors (0K)
 Metaspace       used 129039K, capacity 134216K, committed 134988K, reserved 1165312K
  class space    used 16163K, capacity 17976K, committed 18252K, reserved 1048576K
}
Event: 8468.465 GC heap before
{Heap before GC invocations=69 (full 1):
 garbage-first heap   total 307200K, used 150007K [0x0000000080000000, 0x0000000100000000)
  region size 1024K, 62 young (63488K), 0 survivors (0K)
 Metaspace       used 129199K, capacity 134399K, committed 134988K, reserved 1165312K
  class space    used 16195K, capacity 18027K, committed 18252K, reserved 1048576K
}
Event: 8468.468 GC heap after
{Heap after GC invocations=70 (full 1):
 garbage-first heap   total 307200K, used 89591K [0x0000000080000000, 0x0000000100000000)
  region size 1024K, 2 young (2048K), 2 survivors (2048K)
 Metaspace       used 129199K, capacity 134399K, committed 134988K, reserved 1165312K
  class space    used 16195K, capacity 18027K, committed 18252K, reserved 1048576K
}
Event: 8470.086 GC heap before
{Heap before GC invocations=71 (full 1):
 garbage-first heap   total 307200K, used 230903K [0x0000000080000000, 0x0000000100000000)
  region size 1024K, 132 young (135168K), 2 survivors (2048K)
 Metaspace       used 133087K, capacity 137668K, committed 139596K, reserved 1169408K
  class space    used 16672K, capacity 18316K, committed 18764K, reserved 1048576K
}
Event: 8470.099 GC heap after
{Heap after GC invocations=72 (full 1):
 garbage-first heap   total 307200K, used 104951K [0x0000000080000000, 0x0000000100000000)
  region size 1024K, 8 young (8192K), 8 survivors (8192K)
 Metaspace       used 133087K, capacity 137668K, committed 139596K, reserved 1169408K
  class space    used 16672K, capacity 18316K, committed 18764K, reserved 1048576K
}
Event: 8470.124 GC heap before
{Heap before GC invocations=72 (full 1):
 garbage-first heap   total 307200K, used 106999K [0x0000000080000000, 0x0000000100000000)
  region size 1024K, 11 young (11264K), 8 survivors (8192K)
 Metaspace       used 133107K, capacity 137680K, committed 139596K, reserved 1169408K
  class space    used 16676K, capacity 18320K, committed 18764K, reserved 1048576K
}
Event: 8470.134 GC heap after
{Heap after GC invocations=73 (full 1):
 garbage-first heap   total 307200K, used 104951K [0x0000000080000000, 0x0000000100000000)
  region size 1024K, 8 young (8192K), 8 survivors (8192K)
 Metaspace       used 133107K, capacity 137680K, committed 139596K, reserved 1169408K
  class space    used 16676K, capacity 18320K, committed 18764K, reserved 1048576K
}
Event: 8470.660 GC heap before
{Heap before GC invocations=74 (full 1):
 garbage-first heap   total 307200K, used 184823K [0x0000000080000000, 0x0000000100000000)
  region size 1024K, 84 young (86016K), 8 survivors (8192K)
 Metaspace       used 134433K, capacity 139214K, committed 141132K, reserved 1171456K
  class space    used 16822K, capacity 18553K, committed 19020K, reserved 1048576K
}
Event: 8470.681 GC heap after
{Heap after GC invocations=75 (full 1):
 garbage-first heap   total 307200K, used 112859K [0x0000000080000000, 0x0000000100000000)
  region size 1024K, 5 young (5120K), 5 survivors (5120K)
 Metaspace       used 134433K, capacity 139214K, committed 141132K, reserved 1171456K
  class space    used 16822K, capacity 18553K, committed 19020K, reserved 1048576K
}
Event: 8471.175 GC heap before
{Heap before GC invocations=76 (full 1):
 garbage-first heap   total 307200K, used 201947K [0x0000000080000000, 0x0000000100000000)
  region size 1024K, 89 young (91136K), 5 survivors (5120K)
 Metaspace       used 134915K, capacity 139829K, committed 141388K, reserved 1171456K
  class space    used 16884K, capacity 18647K, committed 19020K, reserved 1048576K
}
Event: 8471.185 GC heap after
{Heap after GC invocations=77 (full 1):
 garbage-first heap   total 307200K, used 122817K [0x0000000080000000, 0x0000000100000000)
  region size 1024K, 11 young (11264K), 11 survivors (11264K)
 Metaspace       used 134915K, capacity 139829K, committed 141388K, reserved 1171456K
  class space    used 16884K, capacity 18647K, committed 19020K, reserved 1048576K
}
Event: 8471.457 GC heap before
{Heap before GC invocations=77 (full 1):
 garbage-first heap   total 307200K, used 155585K [0x0000000080000000, 0x0000000100000000)
  region size 1024K, 44 young (45056K), 11 survivors (11264K)
 Metaspace       used 136140K, capacity 141096K, committed 142668K, reserved 1173504K
  class space    used 17066K, capacity 18879K, committed 19276K, reserved 1048576K
}
Event: 8471.471 GC heap after
{Heap after GC invocations=78 (full 1):
 garbage-first heap   total 307200K, used 126714K [0x0000000080000000, 0x0000000100000000)
  region size 1024K, 10 young (10240K), 10 survivors (10240K)
 Metaspace       used 136140K, capacity 141096K, committed 142668K, reserved 1173504K
  class space    used 17066K, capacity 18879K, committed 19276K, reserved 1048576K
}

