# JRE version: OpenJDK Runtime Environment (11.0.11+9) (build 11.0.11+9-b60-7590822)
# Java VM: OpenJDK 64-Bit Server VM (11.0.11+9-b60-7590822, mixed mode, tiered, compressed oops, g1 gc, windows-amd64)
Heap:
 garbage-first heap   total 236544K, used 123040K [0x0000000080000000, 0x0000000100000000)
  region size 1024K, 59 young (60416K), 10 survivors (10240K)
 Metaspace       used 90356K, capacity 92456K, committed 92620K, reserved 1130496K
  class space    used 11605K, capacity 12376K, committed 12492K, reserved 1048576K
GC Heap History (20 events):
Event: 2.149 GC heap before
{Heap before GC invocations=1 (full 0):
 garbage-first heap   total 196608K, used 108200K [0x0000000080000000, 0x0000000100000000)
  region size 1024K, 101 young (103424K), 3 survivors (3072K)
 Metaspace       used 20641K, capacity 21128K, committed 21248K, reserved 1067008K
  class space    used 2521K, capacity 2722K, committed 2816K, reserved 1048576K
}
Event: 2.158 GC heap after
{Heap after GC invocations=2 (full 0):
 garbage-first heap   total 196608K, used 16779K [0x0000000080000000, 0x0000000100000000)
  region size 1024K, 11 young (11264K), 11 survivors (11264K)
 Metaspace       used 20641K, capacity 21128K, committed 21248K, reserved 1067008K
  class space    used 2521K, capacity 2722K, committed 2816K, reserved 1048576K
}
Event: 2.321 GC heap before
{Heap before GC invocations=3 (full 0):
 garbage-first heap   total 196608K, used 36235K [0x0000000080000000, 0x0000000100000000)
  region size 1024K, 30 young (30720K), 11 survivors (11264K)
 Metaspace       used 22146K, capacity 22699K, committed 22784K, reserved 1069056K
  class space    used 2813K, capacity 3036K, committed 3072K, reserved 1048576K
}
Event: 2.327 GC heap after
{Heap after GC invocations=4 (full 0):
 garbage-first heap   total 196608K, used 17446K [0x0000000080000000, 0x0000000100000000)
  region size 1024K, 1 young (1024K), 1 survivors (1024K)
 Metaspace       used 22146K, capacity 22699K, committed 22784K, reserved 1069056K
  class space    used 2813K, capacity 3036K, committed 3072K, reserved 1048576K
}
Event: 3.144 GC heap before
{Heap before GC invocations=4 (full 0):
 garbage-first heap   total 196608K, used 93222K [0x0000000080000000, 0x0000000100000000)
  region size 1024K, 75 young (76800K), 1 survivors (1024K)
 Metaspace       used 29931K, capacity 30619K, committed 30720K, reserved 1075200K
  class space    used 4014K, capacity 4274K, committed 4352K, reserved 1048576K
}
Event: 3.147 GC heap after
{Heap after GC invocations=5 (full 0):
 garbage-first heap   total 196608K, used 19541K [0x0000000080000000, 0x0000000100000000)
  region size 1024K, 4 young (4096K), 4 survivors (4096K)
 Metaspace       used 29931K, capacity 30619K, committed 30720K, reserved 1075200K
  class space    used 4014K, capacity 4274K, committed 4352K, reserved 1048576K
}
Event: 3.485 GC heap before
{Heap before GC invocations=5 (full 0):
 garbage-first heap   total 196608K, used 36949K [0x0000000080000000, 0x0000000100000000)
  region size 1024K, 22 young (22528K), 4 survivors (4096K)
 Metaspace       used 35052K, capacity 35834K, committed 35840K, reserved 1081344K
  class space    used 4538K, capacity 4864K, committed 4864K, reserved 1048576K
}
Event: 3.494 GC heap after
{Heap after GC invocations=6 (full 0):
 garbage-first heap   total 196608K, used 22089K [0x0000000080000000, 0x0000000100000000)
  region size 1024K, 6 young (6144K), 6 survivors (6144K)
 Metaspace       used 35052K, capacity 35834K, committed 35840K, reserved 1081344K
  class space    used 4538K, capacity 4864K, committed 4864K, reserved 1048576K
}
Event: 4.446 GC heap before
{Heap before GC invocations=7 (full 0):
 garbage-first heap   total 196608K, used 125513K [0x0000000080000000, 0x0000000100000000)
  region size 1024K, 103 young (105472K), 6 survivors (6144K)
 Metaspace       used 42662K, capacity 43780K, committed 43980K, reserved 1087488K
  class space    used 5431K, capacity 5818K, committed 5836K, reserved 1048576K
}
Event: 4.457 GC heap after
{Heap after GC invocations=8 (full 0):
 garbage-first heap   total 196608K, used 28153K [0x0000000080000000, 0x0000000100000000)
  region size 1024K, 12 young (12288K), 12 survivors (12288K)
 Metaspace       used 42662K, capacity 43780K, committed 43980K, reserved 1087488K
  class space    used 5431K, capacity 5818K, committed 5836K, reserved 1048576K
}
Event: 5.672 GC heap before
{Heap before GC invocations=8 (full 0):
 garbage-first heap   total 196608K, used 135673K [0x0000000080000000, 0x0000000100000000)
  region size 1024K, 110 young (112640K), 12 survivors (12288K)
 Metaspace       used 48088K, capacity 49542K, committed 49740K, reserved 1091584K
  class space    used 6136K, capacity 6653K, committed 6732K, reserved 1048576K
}
Event: 5.693 GC heap after
{Heap after GC invocations=9 (full 0):
 garbage-first heap   total 196608K, used 48500K [0x0000000080000000, 0x0000000100000000)
  region size 1024K, 14 young (14336K), 14 survivors (14336K)
 Metaspace       used 48088K, capacity 49542K, committed 49740K, reserved 1091584K
  class space    used 6136K, capacity 6653K, committed 6732K, reserved 1048576K
}
Event: 7.017 GC heap before
{Heap before GC invocations=9 (full 0):
 garbage-first heap   total 196608K, used 118132K [0x0000000080000000, 0x0000000100000000)
  region size 1024K, 83 young (84992K), 14 survivors (14336K)
 Metaspace       used 58639K, capacity 60176K, committed 60236K, reserved 1101824K
  class space    used 7396K, capacity 7976K, committed 8012K, reserved 1048576K
}
Event: 7.044 GC heap after
{Heap after GC invocations=10 (full 0):
 garbage-first heap   total 196608K, used 52825K [0x0000000080000000, 0x0000000100000000)
  region size 1024K, 4 young (4096K), 4 survivors (4096K)
 Metaspace       used 58639K, capacity 60176K, committed 60236K, reserved 1101824K
  class space    used 7396K, capacity 7976K, committed 8012K, reserved 1048576K
}
Event: 9.171 GC heap before
{Heap before GC invocations=11 (full 0):
 garbage-first heap   total 196608K, used 134745K [0x0000000080000000, 0x0000000100000000)
  region size 1024K, 84 young (86016K), 4 survivors (4096K)
 Metaspace       used 66483K, capacity 68053K, committed 68172K, reserved 1107968K
  class space    used 8368K, capacity 8942K, committed 9036K, reserved 1048576K
}
Event: 9.181 GC heap after
{Heap after GC invocations=12 (full 0):
 garbage-first heap   total 236544K, used 57880K [0x0000000080000000, 0x0000000100000000)
  region size 1024K, 9 young (9216K), 9 survivors (9216K)
 Metaspace       used 66483K, capacity 68053K, committed 68172K, reserved 1107968K
  class space    used 8368K, capacity 8942K, committed 9036K, reserved 1048576K
}
Event: 11.685 GC heap before
{Heap before GC invocations=13 (full 0):
 garbage-first heap   total 236544K, used 157208K [0x0000000080000000, 0x0000000100000000)
  region size 1024K, 106 young (108544K), 9 survivors (9216K)
 Metaspace       used 74607K, capacity 76374K, committed 76620K, reserved 1116160K
  class space    used 9575K, capacity 10231K, committed 10316K, reserved 1048576K
}
Event: 11.699 GC heap after
{Heap after GC invocations=14 (full 0):
 garbage-first heap   total 236544K, used 66214K [0x0000000080000000, 0x0000000100000000)
  region size 1024K, 14 young (14336K), 14 survivors (14336K)
 Metaspace       used 74607K, capacity 76374K, committed 76620K, reserved 1116160K
  class space    used 9575K, capacity 10231K, committed 10316K, reserved 1048576K
}
Event: 12.945 GC heap before
{Heap before GC invocations=14 (full 0):
 garbage-first heap   total 236544K, used 164518K [0x0000000080000000, 0x0000000100000000)
  region size 1024K, 111 young (113664K), 14 survivors (14336K)
 Metaspace       used 84579K, capacity 86588K, committed 86732K, reserved 1124352K
  class space    used 10890K, capacity 11637K, committed 11724K, reserved 1048576K
}
Event: 12.960 GC heap after
{Heap after GC invocations=15 (full 0):
 garbage-first heap   total 236544K, used 74912K [0x0000000080000000, 0x0000000100000000)
  region size 1024K, 10 young (10240K), 10 survivors (10240K)
 Metaspace       used 84579K, capacity 86588K, committed 86732K, reserved 1124352K
  class space    used 10890K, capacity 11637K, committed 11724K, reserved 1048576K
}

